{"D:\\dream\\rx-samsara\\src\\dispatch.js": {"path":"D:\\dream\\rx-samsara\\src\\dispatch.js","statementMap":{"0":{"start":{"line":8,"column":17},"end":{"line":26,"column":1}},"1":{"start":{"line":9,"column":2},"end":{"line":11,"column":3}},"2":{"start":{"line":10,"column":4},"end":{"line":10,"column":24}},"3":{"start":{"line":12,"column":14},"end":{"line":12,"column":16}},"4":{"start":{"line":13,"column":2},"end":{"line":24,"column":5}},"5":{"start":{"line":14,"column":4},"end":{"line":17,"column":5}},"6":{"start":{"line":15,"column":19},"end":{"line":15,"column":25}},"7":{"start":{"line":16,"column":6},"end":{"line":16,"column":24}},"8":{"start":{"line":18,"column":4},"end":{"line":18,"column":48}},"9":{"start":{"line":20,"column":4},"end":{"line":20,"column":59}},"10":{"start":{"line":20,"column":39},"end":{"line":20,"column":59}},"11":{"start":{"line":21,"column":4},"end":{"line":21,"column":59}},"12":{"start":{"line":21,"column":39},"end":{"line":21,"column":59}},"13":{"start":{"line":23,"column":4},"end":{"line":23,"column":30}},"14":{"start":{"line":25,"column":2},"end":{"line":25,"column":21}}},"fnMap":{"0":{"name":"(anonymous_0)","decl":{"start":{"line":8,"column":17},"end":{"line":8,"column":18}},"loc":{"start":{"line":8,"column":46},"end":{"line":26,"column":1}},"line":8},"1":{"name":"(anonymous_1)","decl":{"start":{"line":13,"column":18},"end":{"line":13,"column":19}},"loc":{"start":{"line":13,"column":28},"end":{"line":24,"column":3}},"line":13}},"branchMap":{"0":{"loc":{"start":{"line":9,"column":2},"end":{"line":11,"column":3}},"type":"if","locations":[{"start":{"line":9,"column":2},"end":{"line":11,"column":3}},{"start":{"line":9,"column":2},"end":{"line":11,"column":3}}],"line":9},"1":{"loc":{"start":{"line":14,"column":4},"end":{"line":17,"column":5}},"type":"if","locations":[{"start":{"line":14,"column":4},"end":{"line":17,"column":5}},{"start":{"line":14,"column":4},"end":{"line":17,"column":5}}],"line":14},"2":{"loc":{"start":{"line":20,"column":4},"end":{"line":20,"column":59}},"type":"if","locations":[{"start":{"line":20,"column":4},"end":{"line":20,"column":59}},{"start":{"line":20,"column":4},"end":{"line":20,"column":59}}],"line":20},"3":{"loc":{"start":{"line":21,"column":4},"end":{"line":21,"column":59}},"type":"if","locations":[{"start":{"line":21,"column":4},"end":{"line":21,"column":59}},{"start":{"line":21,"column":4},"end":{"line":21,"column":59}}],"line":21}},"s":{"0":3,"1":4,"2":3,"3":4,"4":4,"5":5,"6":3,"7":3,"8":5,"9":5,"10":5,"11":5,"12":5,"13":5,"14":4},"f":{"0":4,"1":5},"b":{"0":[3,1],"1":[3,2],"2":[5,0],"3":[5,0]},"_coverageSchema":"43e27e138ebf9cfc5966b082cf9a028302ed4184","hash":"763898e93a404399108e1ffe6fad2b3ed543bca1"}
,"D:\\dream\\rx-samsara\\src\\eventBus.js": {"path":"D:\\dream\\rx-samsara\\src\\eventBus.js","statementMap":{},"fnMap":{},"branchMap":{},"s":{},"f":{},"b":{},"_coverageSchema":"43e27e138ebf9cfc5966b082cf9a028302ed4184","hash":"8abdce7834322eb0fae373904aa946fce267754b"}
,"D:\\dream\\rx-samsara\\src\\fromAction.js": {"path":"D:\\dream\\rx-samsara\\src\\fromAction.js","statementMap":{"0":{"start":{"line":3,"column":17},"end":{"line":3,"column":31}},"1":{"start":{"line":9,"column":19},"end":{"line":119,"column":1}},"2":{"start":{"line":10,"column":2},"end":{"line":12,"column":3}},"3":{"start":{"line":11,"column":4},"end":{"line":11,"column":52}},"4":{"start":{"line":14,"column":19},"end":{"line":17,"column":3}},"5":{"start":{"line":18,"column":2},"end":{"line":18,"column":49}},"6":{"start":{"line":20,"column":17},"end":{"line":51,"column":3}},"7":{"start":{"line":23,"column":6},"end":{"line":23,"column":45}},"8":{"start":{"line":23,"column":32},"end":{"line":23,"column":45}},"9":{"start":{"line":25,"column":6},"end":{"line":31,"column":7}},"10":{"start":{"line":26,"column":8},"end":{"line":29,"column":10}},"11":{"start":{"line":30,"column":8},"end":{"line":30,"column":20}},"12":{"start":{"line":33,"column":26},"end":{"line":33,"column":61}},"13":{"start":{"line":34,"column":24},"end":{"line":34,"column":41}},"14":{"start":{"line":37,"column":6},"end":{"line":47,"column":7}},"15":{"start":{"line":44,"column":8},"end":{"line":46,"column":33}},"16":{"start":{"line":48,"column":6},"end":{"line":48,"column":32}},"17":{"start":{"line":49,"column":6},"end":{"line":49,"column":18}},"18":{"start":{"line":53,"column":21},"end":{"line":53,"column":23}},"19":{"start":{"line":54,"column":22},"end":{"line":56,"column":3}},"20":{"start":{"line":58,"column":4},"end":{"line":58,"column":32}},"21":{"start":{"line":59,"column":18},"end":{"line":59,"column":31}},"22":{"start":{"line":60,"column":4},"end":{"line":60,"column":26}},"23":{"start":{"line":61,"column":18},"end":{"line":106,"column":5}},"24":{"start":{"line":63,"column":28},"end":{"line":63,"column":63}},"25":{"start":{"line":64,"column":26},"end":{"line":64,"column":73}},"26":{"start":{"line":68,"column":8},"end":{"line":78,"column":9}},"27":{"start":{"line":69,"column":10},"end":{"line":77,"column":11}},"28":{"start":{"line":71,"column":14},"end":{"line":71,"column":55}},"29":{"start":{"line":72,"column":14},"end":{"line":75,"column":15}},"30":{"start":{"line":73,"column":16},"end":{"line":73,"column":35}},"31":{"start":{"line":74,"column":16},"end":{"line":74,"column":64}},"32":{"start":{"line":76,"column":14},"end":{"line":76,"column":20}},"33":{"start":{"line":79,"column":8},"end":{"line":79,"column":40}},"34":{"start":{"line":80,"column":8},"end":{"line":84,"column":26}},"35":{"start":{"line":87,"column":24},"end":{"line":87,"column":71}},"36":{"start":{"line":88,"column":28},"end":{"line":88,"column":57}},"37":{"start":{"line":89,"column":22},"end":{"line":89,"column":39}},"38":{"start":{"line":90,"column":28},"end":{"line":90,"column":45}},"39":{"start":{"line":91,"column":8},"end":{"line":93,"column":9}},"40":{"start":{"line":92,"column":10},"end":{"line":92,"column":56}},"41":{"start":{"line":96,"column":8},"end":{"line":102,"column":9}},"42":{"start":{"line":97,"column":10},"end":{"line":101,"column":11}},"43":{"start":{"line":99,"column":14},"end":{"line":99,"column":44}},"44":{"start":{"line":100,"column":14},"end":{"line":100,"column":20}},"45":{"start":{"line":104,"column":8},"end":{"line":104,"column":23}},"46":{"start":{"line":107,"column":4},"end":{"line":107,"column":43}},"47":{"start":{"line":108,"column":4},"end":{"line":108,"column":17}},"48":{"start":{"line":110,"column":24},"end":{"line":110,"column":43}},"49":{"start":{"line":112,"column":2},"end":{"line":117,"column":4}},"50":{"start":{"line":113,"column":4},"end":{"line":115,"column":5}},"51":{"start":{"line":113,"column":17},"end":{"line":113,"column":18}},"52":{"start":{"line":114,"column":6},"end":{"line":114,"column":36}},"53":{"start":{"line":116,"column":4},"end":{"line":116,"column":31}},"54":{"start":{"line":118,"column":2},"end":{"line":118,"column":23}}},"fnMap":{"0":{"name":"(anonymous_0)","decl":{"start":{"line":9,"column":19},"end":{"line":9,"column":20}},"loc":{"start":{"line":9,"column":43},"end":{"line":119,"column":1}},"line":9},"1":{"name":"(anonymous_1)","decl":{"start":{"line":22,"column":11},"end":{"line":22,"column":12}},"loc":{"start":{"line":22,"column":20},"end":{"line":50,"column":5}},"line":22},"2":{"name":"(anonymous_2)","decl":{"start":{"line":55,"column":17},"end":{"line":55,"column":18}},"loc":{"start":{"line":55,"column":28},"end":{"line":55,"column":30}},"line":55},"3":{"name":"generateObs","decl":{"start":{"line":57,"column":11},"end":{"line":57,"column":22}},"loc":{"start":{"line":57,"column":29},"end":{"line":109,"column":3}},"line":57},"4":{"name":"(anonymous_4)","decl":{"start":{"line":62,"column":16},"end":{"line":62,"column":17}},"loc":{"start":{"line":62,"column":25},"end":{"line":85,"column":7}},"line":62},"5":{"name":"(anonymous_5)","decl":{"start":{"line":86,"column":13},"end":{"line":86,"column":14}},"loc":{"start":{"line":86,"column":21},"end":{"line":105,"column":7}},"line":86},"6":{"name":"(anonymous_6)","decl":{"start":{"line":112,"column":23},"end":{"line":112,"column":24}},"loc":{"start":{"line":112,"column":34},"end":{"line":117,"column":3}},"line":112}},"branchMap":{"0":{"loc":{"start":{"line":10,"column":2},"end":{"line":12,"column":3}},"type":"if","locations":[{"start":{"line":10,"column":2},"end":{"line":12,"column":3}},{"start":{"line":10,"column":2},"end":{"line":12,"column":3}}],"line":10},"1":{"loc":{"start":{"line":23,"column":6},"end":{"line":23,"column":45}},"type":"if","locations":[{"start":{"line":23,"column":6},"end":{"line":23,"column":45}},{"start":{"line":23,"column":6},"end":{"line":23,"column":45}}],"line":23},"2":{"loc":{"start":{"line":25,"column":6},"end":{"line":31,"column":7}},"type":"if","locations":[{"start":{"line":25,"column":6},"end":{"line":31,"column":7}},{"start":{"line":25,"column":6},"end":{"line":31,"column":7}}],"line":25},"3":{"loc":{"start":{"line":37,"column":6},"end":{"line":47,"column":7}},"type":"if","locations":[{"start":{"line":37,"column":6},"end":{"line":47,"column":7}},{"start":{"line":37,"column":6},"end":{"line":47,"column":7}}],"line":37},"4":{"loc":{"start":{"line":38,"column":8},"end":{"line":42,"column":9}},"type":"binary-expr","locations":[{"start":{"line":38,"column":8},"end":{"line":38,"column":25}},{"start":{"line":40,"column":10},"end":{"line":40,"column":77}},{"start":{"line":41,"column":10},"end":{"line":41,"column":77}}],"line":38},"5":{"loc":{"start":{"line":68,"column":8},"end":{"line":78,"column":9}},"type":"if","locations":[{"start":{"line":68,"column":8},"end":{"line":78,"column":9}},{"start":{"line":68,"column":8},"end":{"line":78,"column":9}}],"line":68},"6":{"loc":{"start":{"line":68,"column":12},"end":{"line":68,"column":44}},"type":"binary-expr","locations":[{"start":{"line":68,"column":12},"end":{"line":68,"column":28}},{"start":{"line":68,"column":32},"end":{"line":68,"column":44}}],"line":68},"7":{"loc":{"start":{"line":69,"column":10},"end":{"line":77,"column":11}},"type":"switch","locations":[{"start":{"line":70,"column":12},"end":{"line":76,"column":20}}],"line":69},"8":{"loc":{"start":{"line":72,"column":14},"end":{"line":75,"column":15}},"type":"if","locations":[{"start":{"line":72,"column":14},"end":{"line":75,"column":15}},{"start":{"line":72,"column":14},"end":{"line":75,"column":15}}],"line":72},"9":{"loc":{"start":{"line":80,"column":15},"end":{"line":84,"column":25}},"type":"cond-expr","locations":[{"start":{"line":81,"column":12},"end":{"line":83,"column":50}},{"start":{"line":84,"column":12},"end":{"line":84,"column":25}}],"line":80},"10":{"loc":{"start":{"line":81,"column":12},"end":{"line":83,"column":50}},"type":"cond-expr","locations":[{"start":{"line":82,"column":14},"end":{"line":82,"column":23}},{"start":{"line":83,"column":14},"end":{"line":83,"column":50}}],"line":81},"11":{"loc":{"start":{"line":87,"column":26},"end":{"line":87,"column":70}},"type":"binary-expr","locations":[{"start":{"line":87,"column":26},"end":{"line":87,"column":39}},{"start":{"line":87,"column":43},"end":{"line":87,"column":70}}],"line":87},"12":{"loc":{"start":{"line":91,"column":8},"end":{"line":93,"column":9}},"type":"if","locations":[{"start":{"line":91,"column":8},"end":{"line":93,"column":9}},{"start":{"line":91,"column":8},"end":{"line":93,"column":9}}],"line":91},"13":{"loc":{"start":{"line":96,"column":8},"end":{"line":102,"column":9}},"type":"if","locations":[{"start":{"line":96,"column":8},"end":{"line":102,"column":9}},{"start":{"line":96,"column":8},"end":{"line":102,"column":9}}],"line":96},"14":{"loc":{"start":{"line":96,"column":12},"end":{"line":96,"column":34}},"type":"binary-expr","locations":[{"start":{"line":96,"column":12},"end":{"line":96,"column":19}},{"start":{"line":96,"column":23},"end":{"line":96,"column":34}}],"line":96},"15":{"loc":{"start":{"line":97,"column":10},"end":{"line":101,"column":11}},"type":"switch","locations":[{"start":{"line":98,"column":12},"end":{"line":100,"column":20}}],"line":97}},"s":{"0":3,"1":3,"2":7,"3":0,"4":7,"5":7,"6":7,"7":11,"8":3,"9":8,"10":6,"11":6,"12":2,"13":2,"14":2,"15":1,"16":2,"17":2,"18":7,"19":7,"20":14,"21":14,"22":14,"23":14,"24":8,"25":8,"26":8,"27":0,"28":0,"29":0,"30":0,"31":0,"32":0,"33":8,"34":8,"35":8,"36":8,"37":8,"38":8,"39":8,"40":8,"41":8,"42":8,"43":8,"44":8,"45":8,"46":14,"47":14,"48":7,"49":7,"50":7,"51":7,"52":7,"53":7,"54":7},"f":{"0":7,"1":11,"2":7,"3":14,"4":8,"5":8,"6":7},"b":{"0":[0,7],"1":[3,8],"2":[6,2],"3":[1,1],"4":[2,1,1],"5":[0,8],"6":[8,1],"7":[0],"8":[0,0],"9":[8,0],"10":[0,8],"11":[8,8],"12":[8,0],"13":[8,0],"14":[8,8],"15":[8]},"_coverageSchema":"43e27e138ebf9cfc5966b082cf9a028302ed4184","hash":"dd25bb45848c5e675a5becdfc347b96c2f817da3"}
,"D:\\dream\\rx-samsara\\src\\index.js": {"path":"D:\\dream\\rx-samsara\\src\\index.js","statementMap":{},"fnMap":{},"branchMap":{},"s":{},"f":{},"b":{},"_coverageSchema":"43e27e138ebf9cfc5966b082cf9a028302ed4184","hash":"18536e5b0ff7ed38dfee26bf318c0503877d07ca"}
,"D:\\dream\\rx-samsara\\src\\state.js": {"path":"D:\\dream\\rx-samsara\\src\\state.js","statementMap":{"0":{"start":{"line":6,"column":18},"end":{"line":6,"column":33}},"1":{"start":{"line":7,"column":22},"end":{"line":7,"column":41}},"2":{"start":{"line":8,"column":22},"end":{"line":8,"column":41}},"3":{"start":{"line":11,"column":15},"end":{"line":11,"column":27}},"4":{"start":{"line":13,"column":2},"end":{"line":15,"column":3}},"5":{"start":{"line":14,"column":4},"end":{"line":14,"column":51}},"6":{"start":{"line":16,"column":2},"end":{"line":16,"column":29}},"7":{"start":{"line":18,"column":2},"end":{"line":18,"column":34}},"8":{"start":{"line":19,"column":18},"end":{"line":19,"column":33}},"9":{"start":{"line":20,"column":17},"end":{"line":20,"column":51}},"10":{"start":{"line":22,"column":2},"end":{"line":44,"column":3}},"11":{"start":{"line":23,"column":19},"end":{"line":23,"column":21}},"12":{"start":{"line":24,"column":4},"end":{"line":35,"column":7}},"13":{"start":{"line":25,"column":6},"end":{"line":34,"column":8}},"14":{"start":{"line":28,"column":12},"end":{"line":31,"column":15}},"15":{"start":{"line":29,"column":30},"end":{"line":29,"column":67}},"16":{"start":{"line":30,"column":14},"end":{"line":30,"column":67}},"17":{"start":{"line":37,"column":4},"end":{"line":43,"column":6}},"18":{"start":{"line":39,"column":8},"end":{"line":39,"column":30}},"19":{"start":{"line":40,"column":8},"end":{"line":40,"column":25}},"20":{"start":{"line":42,"column":13},"end":{"line":42,"column":30}},"21":{"start":{"line":46,"column":2},"end":{"line":46,"column":16}}},"fnMap":{"0":{"name":"state","decl":{"start":{"line":10,"column":9},"end":{"line":10,"column":14}},"loc":{"start":{"line":10,"column":24},"end":{"line":47,"column":1}},"line":10},"1":{"name":"(anonymous_1)","decl":{"start":{"line":24,"column":33},"end":{"line":24,"column":34}},"loc":{"start":{"line":24,"column":40},"end":{"line":35,"column":5}},"line":24},"2":{"name":"(anonymous_2)","decl":{"start":{"line":27,"column":20},"end":{"line":27,"column":21}},"loc":{"start":{"line":27,"column":30},"end":{"line":32,"column":11}},"line":27},"3":{"name":"(anonymous_3)","decl":{"start":{"line":28,"column":25},"end":{"line":28,"column":26}},"loc":{"start":{"line":28,"column":31},"end":{"line":31,"column":13}},"line":28},"4":{"name":"(anonymous_4)","decl":{"start":{"line":38,"column":6},"end":{"line":38,"column":7}},"loc":{"start":{"line":38,"column":13},"end":{"line":41,"column":7}},"line":38},"5":{"name":"(anonymous_5)","decl":{"start":{"line":42,"column":6},"end":{"line":42,"column":7}},"loc":{"start":{"line":42,"column":13},"end":{"line":42,"column":30}},"line":42}},"branchMap":{"0":{"loc":{"start":{"line":13,"column":2},"end":{"line":15,"column":3}},"type":"if","locations":[{"start":{"line":13,"column":2},"end":{"line":15,"column":3}},{"start":{"line":13,"column":2},"end":{"line":15,"column":3}}],"line":13},"1":{"loc":{"start":{"line":22,"column":2},"end":{"line":44,"column":3}},"type":"if","locations":[{"start":{"line":22,"column":2},"end":{"line":44,"column":3}},{"start":{"line":22,"column":2},"end":{"line":44,"column":3}}],"line":22},"2":{"loc":{"start":{"line":30,"column":21},"end":{"line":30,"column":66}},"type":"cond-expr","locations":[{"start":{"line":30,"column":45},"end":{"line":30,"column":52}},{"start":{"line":30,"column":55},"end":{"line":30,"column":66}}],"line":30}},"s":{"0":3,"1":3,"2":3,"3":5,"4":5,"5":0,"6":5,"7":5,"8":5,"9":5,"10":5,"11":4,"12":4,"13":5,"14":5,"15":5,"16":5,"17":4,"18":5,"19":5,"20":0,"21":5},"f":{"0":5,"1":5,"2":5,"3":5,"4":5,"5":0},"b":{"0":[0,5],"1":[4,1],"2":[0,5]},"_coverageSchema":"43e27e138ebf9cfc5966b082cf9a028302ed4184","hash":"0e76958c2bce4f0526ef67078e3e2515ebc76ddf"}
,"D:\\dream\\rx-samsara\\src\\store.js": {"path":"D:\\dream\\rx-samsara\\src\\store.js","statementMap":{},"fnMap":{},"branchMap":{},"s":{},"f":{},"b":{},"_coverageSchema":"43e27e138ebf9cfc5966b082cf9a028302ed4184","hash":"65394a86a967b97a97558d06f41fb97700430780"}
,"D:\\dream\\rx-samsara\\src\\subscription.js": {"path":"D:\\dream\\rx-samsara\\src\\subscription.js","statementMap":{"0":{"start":{"line":3,"column":17},"end":{"line":3,"column":31}},"1":{"start":{"line":13,"column":21},"end":{"line":94,"column":1}},"2":{"start":{"line":14,"column":16},"end":{"line":14,"column":34}},"3":{"start":{"line":16,"column":18},"end":{"line":92,"column":3}},"4":{"start":{"line":17,"column":4},"end":{"line":18,"column":70}},"5":{"start":{"line":18,"column":6},"end":{"line":18,"column":70}},"6":{"start":{"line":22,"column":8},"end":{"line":22,"column":16}},"7":{"start":{"line":24,"column":8},"end":{"line":24,"column":24}},"8":{"start":{"line":25,"column":8},"end":{"line":25,"column":34}},"9":{"start":{"line":26,"column":8},"end":{"line":26,"column":67}},"10":{"start":{"line":27,"column":8},"end":{"line":27,"column":40}},"11":{"start":{"line":28,"column":8},"end":{"line":28,"column":39}},"12":{"start":{"line":29,"column":8},"end":{"line":37,"column":9}},"13":{"start":{"line":30,"column":10},"end":{"line":32,"column":13}},"14":{"start":{"line":31,"column":12},"end":{"line":31,"column":65}},"15":{"start":{"line":34,"column":10},"end":{"line":36,"column":12}},"16":{"start":{"line":39,"column":8},"end":{"line":43,"column":10}},"17":{"start":{"line":47,"column":23},"end":{"line":47,"column":49}},"18":{"start":{"line":48,"column":16},"end":{"line":48,"column":29}},"19":{"start":{"line":49,"column":8},"end":{"line":77,"column":9}},"20":{"start":{"line":49,"column":21},"end":{"line":49,"column":22}},"21":{"start":{"line":50,"column":31},"end":{"line":75,"column":12}},"22":{"start":{"line":51,"column":25},"end":{"line":51,"column":46}},"23":{"start":{"line":52,"column":32},"end":{"line":52,"column":61}},"24":{"start":{"line":54,"column":12},"end":{"line":67,"column":13}},"25":{"start":{"line":58,"column":32},"end":{"line":58,"column":34}},"26":{"start":{"line":59,"column":14},"end":{"line":63,"column":15}},"27":{"start":{"line":60,"column":16},"end":{"line":62,"column":17}},"28":{"start":{"line":61,"column":18},"end":{"line":61,"column":45}},"29":{"start":{"line":65,"column":14},"end":{"line":65,"column":39}},"30":{"start":{"line":66,"column":14},"end":{"line":66,"column":21}},"31":{"start":{"line":69,"column":12},"end":{"line":74,"column":13}},"32":{"start":{"line":71,"column":14},"end":{"line":73,"column":17}},"33":{"start":{"line":76,"column":10},"end":{"line":76,"column":50}},"34":{"start":{"line":80,"column":8},"end":{"line":82,"column":11}},"35":{"start":{"line":81,"column":10},"end":{"line":81,"column":37}},"36":{"start":{"line":85,"column":8},"end":{"line":85,"column":56}},"37":{"start":{"line":88,"column":4},"end":{"line":90,"column":21}},"38":{"start":{"line":91,"column":4},"end":{"line":91,"column":20}},"39":{"start":{"line":93,"column":2},"end":{"line":93,"column":17}}},"fnMap":{"0":{"name":"(anonymous_0)","decl":{"start":{"line":13,"column":21},"end":{"line":13,"column":22}},"loc":{"start":{"line":13,"column":60},"end":{"line":94,"column":1}},"line":13},"1":{"name":"(anonymous_1)","decl":{"start":{"line":16,"column":18},"end":{"line":16,"column":19}},"loc":{"start":{"line":16,"column":33},"end":{"line":92,"column":3}},"line":16},"2":{"name":"(anonymous_2)","decl":{"start":{"line":21,"column":6},"end":{"line":21,"column":7}},"loc":{"start":{"line":21,"column":20},"end":{"line":44,"column":7}},"line":21},"3":{"name":"(anonymous_3)","decl":{"start":{"line":30,"column":47},"end":{"line":30,"column":48}},"loc":{"start":{"line":30,"column":54},"end":{"line":32,"column":11}},"line":30},"4":{"name":"(anonymous_4)","decl":{"start":{"line":46,"column":6},"end":{"line":46,"column":7}},"loc":{"start":{"line":46,"column":27},"end":{"line":78,"column":7}},"line":46},"5":{"name":"(anonymous_5)","decl":{"start":{"line":50,"column":51},"end":{"line":50,"column":52}},"loc":{"start":{"line":50,"column":59},"end":{"line":75,"column":11}},"line":50},"6":{"name":"(anonymous_6)","decl":{"start":{"line":79,"column":6},"end":{"line":79,"column":7}},"loc":{"start":{"line":79,"column":29},"end":{"line":83,"column":7}},"line":79},"7":{"name":"(anonymous_7)","decl":{"start":{"line":80,"column":37},"end":{"line":80,"column":38}},"loc":{"start":{"line":80,"column":53},"end":{"line":82,"column":9}},"line":80},"8":{"name":"(anonymous_8)","decl":{"start":{"line":84,"column":6},"end":{"line":84,"column":7}},"loc":{"start":{"line":84,"column":15},"end":{"line":86,"column":7}},"line":84}},"branchMap":{"0":{"loc":{"start":{"line":14,"column":16},"end":{"line":14,"column":34}},"type":"binary-expr","locations":[{"start":{"line":14,"column":16},"end":{"line":14,"column":28}},{"start":{"line":14,"column":32},"end":{"line":14,"column":34}}],"line":14},"1":{"loc":{"start":{"line":17,"column":4},"end":{"line":18,"column":70}},"type":"if","locations":[{"start":{"line":17,"column":4},"end":{"line":18,"column":70}},{"start":{"line":17,"column":4},"end":{"line":18,"column":70}}],"line":17},"2":{"loc":{"start":{"line":29,"column":8},"end":{"line":37,"column":9}},"type":"if","locations":[{"start":{"line":29,"column":8},"end":{"line":37,"column":9}},{"start":{"line":29,"column":8},"end":{"line":37,"column":9}}],"line":29},"3":{"loc":{"start":{"line":42,"column":10},"end":{"line":42,"column":72}},"type":"cond-expr","locations":[{"start":{"line":42,"column":47},"end":{"line":42,"column":67}},{"start":{"line":42,"column":70},"end":{"line":42,"column":72}}],"line":42},"4":{"loc":{"start":{"line":54,"column":12},"end":{"line":67,"column":13}},"type":"if","locations":[{"start":{"line":54,"column":12},"end":{"line":67,"column":13}},{"start":{"line":54,"column":12},"end":{"line":67,"column":13}}],"line":54},"5":{"loc":{"start":{"line":55,"column":14},"end":{"line":56,"column":80}},"type":"binary-expr","locations":[{"start":{"line":55,"column":14},"end":{"line":55,"column":38}},{"start":{"line":56,"column":14},"end":{"line":56,"column":80}}],"line":55},"6":{"loc":{"start":{"line":60,"column":16},"end":{"line":62,"column":17}},"type":"if","locations":[{"start":{"line":60,"column":16},"end":{"line":62,"column":17}},{"start":{"line":60,"column":16},"end":{"line":62,"column":17}}],"line":60},"7":{"loc":{"start":{"line":69,"column":12},"end":{"line":74,"column":13}},"type":"if","locations":[{"start":{"line":69,"column":12},"end":{"line":74,"column":13}},{"start":{"line":69,"column":12},"end":{"line":74,"column":13}}],"line":69},"8":{"loc":{"start":{"line":88,"column":39},"end":{"line":90,"column":17}},"type":"binary-expr","locations":[{"start":{"line":88,"column":39},"end":{"line":88,"column":55}},{"start":{"line":89,"column":6},"end":{"line":89,"column":15}},{"start":{"line":90,"column":6},"end":{"line":90,"column":17}}],"line":88}},"s":{"0":3,"1":3,"2":0,"3":0,"4":0,"5":0,"6":0,"7":0,"8":0,"9":0,"10":0,"11":0,"12":0,"13":0,"14":0,"15":0,"16":0,"17":0,"18":0,"19":0,"20":0,"21":0,"22":0,"23":0,"24":0,"25":0,"26":0,"27":0,"28":0,"29":0,"30":0,"31":0,"32":0,"33":0,"34":0,"35":0,"36":0,"37":0,"38":0,"39":0},"f":{"0":0,"1":0,"2":0,"3":0,"4":0,"5":0,"6":0,"7":0,"8":0},"b":{"0":[0,0],"1":[0,0],"2":[0,0],"3":[0,0],"4":[0,0],"5":[0,0],"6":[0,0],"7":[0,0],"8":[0,0,0]},"_coverageSchema":"43e27e138ebf9cfc5966b082cf9a028302ed4184","hash":"5c8079137803e37539b024505cab84413e9bea10"}
,"D:\\dream\\rx-samsara\\src\\utils.js": {"path":"D:\\dream\\rx-samsara\\src\\utils.js","statementMap":{"0":{"start":{"line":2,"column":15},"end":{"line":2,"column":19}},"1":{"start":{"line":3,"column":2},"end":{"line":30,"column":3}},"2":{"start":{"line":4,"column":4},"end":{"line":12,"column":5}},"3":{"start":{"line":11,"column":6},"end":{"line":11,"column":21}},"4":{"start":{"line":13,"column":9},"end":{"line":30,"column":3}},"5":{"start":{"line":14,"column":4},"end":{"line":16,"column":5}},"6":{"start":{"line":15,"column":6},"end":{"line":15,"column":21}},"7":{"start":{"line":17,"column":4},"end":{"line":17,"column":39}},"8":{"start":{"line":17,"column":19},"end":{"line":17,"column":39}},"9":{"start":{"line":18,"column":9},"end":{"line":30,"column":3}},"10":{"start":{"line":19,"column":4},"end":{"line":19,"column":19}},"11":{"start":{"line":20,"column":9},"end":{"line":30,"column":3}},"12":{"start":{"line":21,"column":4},"end":{"line":21,"column":19}},"13":{"start":{"line":22,"column":9},"end":{"line":30,"column":3}},"14":{"start":{"line":23,"column":4},"end":{"line":25,"column":5}},"15":{"start":{"line":24,"column":6},"end":{"line":24,"column":21}},"16":{"start":{"line":26,"column":9},"end":{"line":30,"column":3}},"17":{"start":{"line":27,"column":4},"end":{"line":29,"column":5}},"18":{"start":{"line":28,"column":6},"end":{"line":28,"column":21}},"19":{"start":{"line":31,"column":2},"end":{"line":31,"column":16}},"20":{"start":{"line":35,"column":2},"end":{"line":35,"column":67}},"21":{"start":{"line":39,"column":2},"end":{"line":41,"column":3}},"22":{"start":{"line":40,"column":4},"end":{"line":40,"column":17}},"23":{"start":{"line":42,"column":2},"end":{"line":42,"column":14}}},"fnMap":{"0":{"name":"isCorrectVal","decl":{"start":{"line":1,"column":9},"end":{"line":1,"column":21}},"loc":{"start":{"line":1,"column":43},"end":{"line":32,"column":1}},"line":1},"1":{"name":"isObject","decl":{"start":{"line":34,"column":9},"end":{"line":34,"column":17}},"loc":{"start":{"line":34,"column":23},"end":{"line":36,"column":1}},"line":34},"2":{"name":"isEmptyObject","decl":{"start":{"line":38,"column":9},"end":{"line":38,"column":22}},"loc":{"start":{"line":38,"column":28},"end":{"line":43,"column":1}},"line":38}},"branchMap":{"0":{"loc":{"start":{"line":3,"column":2},"end":{"line":30,"column":3}},"type":"if","locations":[{"start":{"line":3,"column":2},"end":{"line":30,"column":3}},{"start":{"line":3,"column":2},"end":{"line":30,"column":3}}],"line":3},"1":{"loc":{"start":{"line":4,"column":4},"end":{"line":12,"column":5}},"type":"if","locations":[{"start":{"line":4,"column":4},"end":{"line":12,"column":5}},{"start":{"line":4,"column":4},"end":{"line":12,"column":5}}],"line":4},"2":{"loc":{"start":{"line":5,"column":6},"end":{"line":9,"column":29}},"type":"binary-expr","locations":[{"start":{"line":5,"column":6},"end":{"line":5,"column":21}},{"start":{"line":6,"column":6},"end":{"line":6,"column":30}},{"start":{"line":7,"column":6},"end":{"line":7,"column":25}},{"start":{"line":8,"column":6},"end":{"line":8,"column":24}},{"start":{"line":9,"column":6},"end":{"line":9,"column":29}}],"line":5},"3":{"loc":{"start":{"line":13,"column":9},"end":{"line":30,"column":3}},"type":"if","locations":[{"start":{"line":13,"column":9},"end":{"line":30,"column":3}},{"start":{"line":13,"column":9},"end":{"line":30,"column":3}}],"line":13},"4":{"loc":{"start":{"line":14,"column":4},"end":{"line":16,"column":5}},"type":"if","locations":[{"start":{"line":14,"column":4},"end":{"line":16,"column":5}},{"start":{"line":14,"column":4},"end":{"line":16,"column":5}}],"line":14},"5":{"loc":{"start":{"line":14,"column":8},"end":{"line":14,"column":46}},"type":"binary-expr","locations":[{"start":{"line":14,"column":8},"end":{"line":14,"column":23}},{"start":{"line":14,"column":27},"end":{"line":14,"column":46}}],"line":14},"6":{"loc":{"start":{"line":17,"column":4},"end":{"line":17,"column":39}},"type":"if","locations":[{"start":{"line":17,"column":4},"end":{"line":17,"column":39}},{"start":{"line":17,"column":4},"end":{"line":17,"column":39}}],"line":17},"7":{"loc":{"start":{"line":18,"column":9},"end":{"line":30,"column":3}},"type":"if","locations":[{"start":{"line":18,"column":9},"end":{"line":30,"column":3}},{"start":{"line":18,"column":9},"end":{"line":30,"column":3}}],"line":18},"8":{"loc":{"start":{"line":20,"column":9},"end":{"line":30,"column":3}},"type":"if","locations":[{"start":{"line":20,"column":9},"end":{"line":30,"column":3}},{"start":{"line":20,"column":9},"end":{"line":30,"column":3}}],"line":20},"9":{"loc":{"start":{"line":22,"column":9},"end":{"line":30,"column":3}},"type":"if","locations":[{"start":{"line":22,"column":9},"end":{"line":30,"column":3}},{"start":{"line":22,"column":9},"end":{"line":30,"column":3}}],"line":22},"10":{"loc":{"start":{"line":23,"column":4},"end":{"line":25,"column":5}},"type":"if","locations":[{"start":{"line":23,"column":4},"end":{"line":25,"column":5}},{"start":{"line":23,"column":4},"end":{"line":25,"column":5}}],"line":23},"11":{"loc":{"start":{"line":26,"column":9},"end":{"line":30,"column":3}},"type":"if","locations":[{"start":{"line":26,"column":9},"end":{"line":30,"column":3}},{"start":{"line":26,"column":9},"end":{"line":30,"column":3}}],"line":26},"12":{"loc":{"start":{"line":27,"column":4},"end":{"line":29,"column":5}},"type":"if","locations":[{"start":{"line":27,"column":4},"end":{"line":29,"column":5}},{"start":{"line":27,"column":4},"end":{"line":29,"column":5}}],"line":27}},"s":{"0":34,"1":34,"2":0,"3":0,"4":34,"5":0,"6":0,"7":0,"8":0,"9":34,"10":0,"11":34,"12":20,"13":14,"14":14,"15":0,"16":0,"17":0,"18":0,"19":34,"20":14,"21":14,"22":14,"23":0},"f":{"0":34,"1":14,"2":14},"b":{"0":[0,34],"1":[0,0],"2":[0,0,0,0,0],"3":[0,34],"4":[0,0],"5":[0,0],"6":[0,0],"7":[0,34],"8":[20,14],"9":[14,0],"10":[0,14],"11":[0,0],"12":[0,0]},"_coverageSchema":"43e27e138ebf9cfc5966b082cf9a028302ed4184","hash":"4b7f627c6cc6521bad98c6a402f992ce3215f69e"}
}
