TN:
SF:D:\dream\rx-samsara\src\dispatch.js
FN:8,(anonymous_0)
FN:13,(anonymous_1)
FNF:2
FNH:2
FNDA:4,(anonymous_0)
FNDA:5,(anonymous_1)
DA:8,3
DA:9,4
DA:10,3
DA:12,4
DA:13,4
DA:14,5
DA:15,3
DA:16,3
DA:18,5
DA:20,5
DA:21,5
DA:23,5
DA:25,4
LF:13
LH:13
BRDA:9,0,0,3
BRDA:9,0,1,1
BRDA:14,1,0,3
BRDA:14,1,1,2
BRDA:20,2,0,5
BRDA:20,2,1,0
BRDA:21,3,0,5
BRDA:21,3,1,0
BRF:8
BRH:6
end_of_record
TN:
SF:D:\dream\rx-samsara\src\eventBus.js
FNF:0
FNH:0
LF:0
LH:0
BRF:0
BRH:0
end_of_record
TN:
SF:D:\dream\rx-samsara\src\fromAction.js
FN:9,(anonymous_0)
FN:22,(anonymous_1)
FN:55,(anonymous_2)
FN:57,generateObs
FN:62,(anonymous_4)
FN:86,(anonymous_5)
FN:112,(anonymous_6)
FNF:7
FNH:7
FNDA:7,(anonymous_0)
FNDA:11,(anonymous_1)
FNDA:7,(anonymous_2)
FNDA:14,generateObs
FNDA:8,(anonymous_4)
FNDA:8,(anonymous_5)
FNDA:7,(anonymous_6)
DA:3,3
DA:9,3
DA:10,7
DA:11,0
DA:14,7
DA:18,7
DA:20,7
DA:23,11
DA:25,8
DA:26,6
DA:30,6
DA:33,2
DA:34,2
DA:37,2
DA:44,1
DA:48,2
DA:49,2
DA:53,7
DA:54,7
DA:58,14
DA:59,14
DA:60,14
DA:61,14
DA:63,8
DA:64,8
DA:68,8
DA:69,0
DA:71,0
DA:72,0
DA:73,0
DA:74,0
DA:76,0
DA:79,8
DA:80,8
DA:87,8
DA:88,8
DA:89,8
DA:90,8
DA:91,8
DA:92,8
DA:96,8
DA:97,8
DA:99,8
DA:100,8
DA:104,8
DA:107,14
DA:108,14
DA:110,7
DA:112,7
DA:113,7
DA:114,7
DA:116,7
DA:118,7
LF:53
LH:46
BRDA:10,0,0,0
BRDA:10,0,1,7
BRDA:23,1,0,3
BRDA:23,1,1,8
BRDA:25,2,0,6
BRDA:25,2,1,2
BRDA:37,3,0,1
BRDA:37,3,1,1
BRDA:38,4,0,2
BRDA:38,4,1,1
BRDA:38,4,2,1
BRDA:68,5,0,0
BRDA:68,5,1,8
BRDA:68,6,0,8
BRDA:68,6,1,1
BRDA:69,7,0,0
BRDA:72,8,0,0
BRDA:72,8,1,0
BRDA:80,9,0,8
BRDA:80,9,1,0
BRDA:81,10,0,0
BRDA:81,10,1,8
BRDA:87,11,0,8
BRDA:87,11,1,8
BRDA:91,12,0,8
BRDA:91,12,1,0
BRDA:96,13,0,8
BRDA:96,13,1,0
BRDA:96,14,0,8
BRDA:96,14,1,8
BRDA:97,15,0,8
BRF:31
BRH:22
end_of_record
TN:
SF:D:\dream\rx-samsara\src\index.js
FNF:0
FNH:0
LF:0
LH:0
BRF:0
BRH:0
end_of_record
TN:
SF:D:\dream\rx-samsara\src\state.js
FN:10,state
FN:24,(anonymous_1)
FN:27,(anonymous_2)
FN:28,(anonymous_3)
FN:38,(anonymous_4)
FN:42,(anonymous_5)
FNF:6
FNH:5
FNDA:5,state
FNDA:5,(anonymous_1)
FNDA:5,(anonymous_2)
FNDA:5,(anonymous_3)
FNDA:5,(anonymous_4)
FNDA:0,(anonymous_5)
DA:6,3
DA:7,3
DA:8,3
DA:11,5
DA:13,5
DA:14,0
DA:16,5
DA:18,5
DA:19,5
DA:20,5
DA:22,5
DA:23,4
DA:24,4
DA:25,5
DA:28,5
DA:29,5
DA:30,5
DA:37,4
DA:39,5
DA:40,5
DA:42,0
DA:46,5
LF:22
LH:20
BRDA:13,0,0,0
BRDA:13,0,1,5
BRDA:22,1,0,4
BRDA:22,1,1,1
BRDA:30,2,0,0
BRDA:30,2,1,5
BRF:6
BRH:4
end_of_record
TN:
SF:D:\dream\rx-samsara\src\store.js
FNF:0
FNH:0
LF:0
LH:0
BRF:0
BRH:0
end_of_record
TN:
SF:D:\dream\rx-samsara\src\subscription.js
FN:13,(anonymous_0)
FN:16,(anonymous_1)
FN:21,(anonymous_2)
FN:30,(anonymous_3)
FN:46,(anonymous_4)
FN:50,(anonymous_5)
FN:79,(anonymous_6)
FN:80,(anonymous_7)
FN:84,(anonymous_8)
FNF:9
FNH:0
FNDA:0,(anonymous_0)
FNDA:0,(anonymous_1)
FNDA:0,(anonymous_2)
FNDA:0,(anonymous_3)
FNDA:0,(anonymous_4)
FNDA:0,(anonymous_5)
FNDA:0,(anonymous_6)
FNDA:0,(anonymous_7)
FNDA:0,(anonymous_8)
DA:3,3
DA:13,3
DA:14,0
DA:16,0
DA:17,0
DA:18,0
DA:22,0
DA:24,0
DA:25,0
DA:26,0
DA:27,0
DA:28,0
DA:29,0
DA:30,0
DA:31,0
DA:34,0
DA:39,0
DA:47,0
DA:48,0
DA:49,0
DA:50,0
DA:51,0
DA:52,0
DA:54,0
DA:58,0
DA:59,0
DA:60,0
DA:61,0
DA:65,0
DA:66,0
DA:69,0
DA:71,0
DA:76,0
DA:80,0
DA:81,0
DA:85,0
DA:88,0
DA:91,0
DA:93,0
LF:39
LH:2
BRDA:14,0,0,0
BRDA:14,0,1,0
BRDA:17,1,0,0
BRDA:17,1,1,0
BRDA:29,2,0,0
BRDA:29,2,1,0
BRDA:42,3,0,0
BRDA:42,3,1,0
BRDA:54,4,0,0
BRDA:54,4,1,0
BRDA:55,5,0,0
BRDA:55,5,1,0
BRDA:60,6,0,0
BRDA:60,6,1,0
BRDA:69,7,0,0
BRDA:69,7,1,0
BRDA:88,8,0,0
BRDA:88,8,1,0
BRDA:88,8,2,0
BRF:19
BRH:0
end_of_record
TN:
SF:D:\dream\rx-samsara\src\utils.js
FN:1,isCorrectVal
FN:34,isObject
FN:38,isEmptyObject
FNF:3
FNH:3
FNDA:34,isCorrectVal
FNDA:14,isObject
FNDA:14,isEmptyObject
DA:2,34
DA:3,34
DA:4,0
DA:11,0
DA:13,34
DA:14,0
DA:15,0
DA:17,0
DA:18,34
DA:19,0
DA:20,34
DA:21,20
DA:22,14
DA:23,14
DA:24,0
DA:26,0
DA:27,0
DA:28,0
DA:31,34
DA:35,14
DA:39,14
DA:40,14
DA:42,0
LF:23
LH:12
BRDA:3,0,0,0
BRDA:3,0,1,34
BRDA:4,1,0,0
BRDA:4,1,1,0
BRDA:5,2,0,0
BRDA:5,2,1,0
BRDA:5,2,2,0
BRDA:5,2,3,0
BRDA:5,2,4,0
BRDA:13,3,0,0
BRDA:13,3,1,34
BRDA:14,4,0,0
BRDA:14,4,1,0
BRDA:14,5,0,0
BRDA:14,5,1,0
BRDA:17,6,0,0
BRDA:17,6,1,0
BRDA:18,7,0,0
BRDA:18,7,1,34
BRDA:20,8,0,20
BRDA:20,8,1,14
BRDA:22,9,0,14
BRDA:22,9,1,0
BRDA:23,10,0,0
BRDA:23,10,1,14
BRDA:26,11,0,0
BRDA:26,11,1,0
BRDA:27,12,0,0
BRDA:27,12,1,0
BRF:29
BRH:7
end_of_record
